This file contains any messages produced by compilers while
running configure, to aid debugging if configure makes a mistake.

It was created by configure, which was
generated by GNU Autoconf 2.69.  Invocation command line was

  $ ./configure --prefix=/usr/local --localstatedir=/var --mandir=/usr/local/man --infodir=/usr/local/info/ --build=amd64-portbld-freebsd10.3 CC=cc CFLAGS=-O2 -pipe  -fstack-protector -fno-strict-aliasing CPPFLAGS= CPP=cpp CXXFLAGS=-O2 -pipe -fstack-protector -fno-strict-aliasing  CXX=c++ LDFLAGS= -fstack-protector build_alias=amd64-portbld-freebsd10.3 --no-create --no-recursion

## --------- ##
## Platform. ##
## --------- ##

hostname = generic-bsd
uname -m = amd64
uname -r = 10.3-RELEASE
uname -s = FreeBSD
uname -v = FreeBSD 10.3-RELEASE #0 r297264: Fri Mar 25 02:10:02 UTC 2016     root@releng1.nyi.freebsd.org:/usr/obj/usr/src/sys/GENERIC 

/usr/bin/uname -p = amd64
/bin/uname -X     = unknown

/bin/arch              = unknown
/usr/bin/arch -k       = unknown
/usr/convex/getsysinfo = unknown
/usr/bin/hostinfo      = unknown
/bin/machine           = unknown
/usr/bin/oslevel       = unknown
/bin/universe          = unknown

PATH: /sbin
PATH: /bin
PATH: /usr/sbin
PATH: /usr/bin
PATH: /usr/games
PATH: /usr/local/sbin
PATH: /usr/local/bin
PATH: /home/phil/bin
PATH: /home/phil/vendor/pypy-4.0.0-src
PATH: /home/phil/vendor/activator-dist-1.3.6
PATH: /home/phil/vendor/apache-maven-3.3.9/bin
PATH: /home/phil/vendor/fpc-3.0.0/bin
PATH: /home/phil/.go/bin
PATH: /home/phil/projects/personal/ponyo/bin
PATH: /home/phil/bin
PATH: /home/phil/vendor/ldc/build/bin


## ----------- ##
## Core tests. ##
## ----------- ##

configure:2444: checking for a BSD-compatible install
configure:2512: result: /usr/bin/install -c
configure:2523: checking whether build environment is sane
configure:2578: result: yes
configure:2616: WARNING: 'missing' script is too old or missing
configure:2729: checking for a thread-safe mkdir -p
configure:2768: result: ./install-sh -c -d
configure:2775: checking for gawk
configure:2805: result: no
configure:2775: checking for mawk
configure:2805: result: no
configure:2775: checking for nawk
configure:2791: found /usr/bin/nawk
configure:2802: result: nawk
configure:2813: checking whether make sets $(MAKE)
configure:2835: result: yes
configure:2864: checking whether make supports nested variables
configure:2881: result: yes
configure:3060: checking for gcc
configure:3087: result: cc
configure:3316: checking for C compiler version
configure:3325: cc --version >&5
FreeBSD clang version 3.4.1 (tags/RELEASE_34/dot1-final 208032) 20140512
Target: x86_64-unknown-freebsd10.3
Thread model: posix
configure:3336: $? = 0
configure:3325: cc -v >&5
FreeBSD clang version 3.4.1 (tags/RELEASE_34/dot1-final 208032) 20140512
Target: x86_64-unknown-freebsd10.3
Thread model: posix
Selected GCC installation: 
configure:3336: $? = 0
configure:3325: cc -V >&5
cc: error: argument to '-V' is missing (expected 1 value)
cc: error: no input files
configure:3336: $? = 1
configure:3325: cc -qversion >&5
cc: error: unknown argument: '-qversion'
cc: error: no input files
configure:3336: $? = 1
configure:3356: checking whether the C compiler works
configure:3378: cc -O2 -pipe  -fstack-protector -fno-strict-aliasing   -fstack-protector conftest.c  >&5
configure:3382: $? = 0
configure:3430: result: yes
configure:3433: checking for C compiler default output file name
configure:3435: result: a.out
configure:3441: checking for suffix of executables
configure:3448: cc -o conftest -O2 -pipe  -fstack-protector -fno-strict-aliasing   -fstack-protector conftest.c  >&5
configure:3452: $? = 0
configure:3474: result: 
configure:3496: checking whether we are cross compiling
configure:3504: cc -o conftest -O2 -pipe  -fstack-protector -fno-strict-aliasing   -fstack-protector conftest.c  >&5
configure:3508: $? = 0
configure:3515: ./conftest
configure:3519: $? = 0
configure:3534: result: no
configure:3539: checking for suffix of object files
configure:3561: cc -c -O2 -pipe  -fstack-protector -fno-strict-aliasing  conftest.c >&5
configure:3565: $? = 0
configure:3586: result: o
configure:3590: checking whether we are using the GNU C compiler
configure:3609: cc -c -O2 -pipe  -fstack-protector -fno-strict-aliasing  conftest.c >&5
configure:3609: $? = 0
configure:3618: result: yes
configure:3627: checking whether cc accepts -g
configure:3647: cc -c -g  conftest.c >&5
configure:3647: $? = 0
configure:3688: result: yes
configure:3705: checking for cc option to accept ISO C89
configure:3768: cc  -c -O2 -pipe  -fstack-protector -fno-strict-aliasing  conftest.c >&5
configure:3768: $? = 0
configure:3781: result: none needed
configure:3806: checking whether cc understands -c and -o together
configure:3828: cc -c conftest.c -o conftest2.o
configure:3831: $? = 0
configure:3828: cc -c conftest.c -o conftest2.o
configure:3831: $? = 0
configure:3843: result: yes
configure:3871: checking for style of include used by make
configure:3899: result: GNU
configure:3925: checking dependency style of cc
configure:4036: result: gcc3
configure:4056: checking how to run the C preprocessor
configure:4126: result: cpp
configure:4146: cpp  conftest.c
configure:4146: $? = 0
configure:4160: cpp  conftest.c
conftest.c:11:10: fatal error: 'ac_nonexistent.h' file not found
#include <ac_nonexistent.h>
         ^
1 error generated.
configure:4160: $? = 1
configure: failed program was:
| /* confdefs.h */
| #define PACKAGE_NAME ""
| #define PACKAGE_TARNAME ""
| #define PACKAGE_VERSION ""
| #define PACKAGE_STRING ""
| #define PACKAGE_BUGREPORT ""
| #define PACKAGE_URL ""
| #define PACKAGE "fcgi"
| #define VERSION "2.4.0"
| /* end confdefs.h.  */
| #include <ac_nonexistent.h>
configure:4218: checking build system type
configure:4232: result: amd64-portbld-freebsd10.3
configure:4252: checking host system type
configure:4265: result: amd64-portbld-freebsd10.3
configure:4306: checking how to print strings
configure:4333: result: printf
configure:4354: checking for a sed that does not truncate output
configure:4418: result: /usr/local/bin/gsed
configure:4436: checking for grep that handles long lines and -e
configure:4494: result: /usr/bin/grep
configure:4499: checking for egrep
configure:4561: result: /usr/bin/grep -E
configure:4566: checking for fgrep
configure:4628: result: /usr/bin/grep -F
configure:4663: checking for ld used by cc
configure:4730: result: /usr/bin/ld
configure:4737: checking if the linker (/usr/bin/ld) is GNU ld
configure:4752: result: yes
configure:4764: checking for BSD- or MS-compatible name lister (nm)
configure:4818: result: /usr/bin/nm -B
configure:4948: checking the name lister (/usr/bin/nm -B) interface
configure:4955: cc -c -O2 -pipe  -fstack-protector -fno-strict-aliasing  conftest.c >&5
configure:4958: /usr/bin/nm -B "conftest.o"
configure:4961: output
0000000000000000 B some_variable
configure:4968: result: BSD nm
configure:4971: checking whether ln -s works
configure:4975: result: yes
configure:4983: checking the maximum length of command line arguments
configure:5114: result: 196608
configure:5162: checking how to convert amd64-portbld-freebsd10.3 file names to amd64-portbld-freebsd10.3 format
configure:5202: result: func_convert_file_noop
configure:5209: checking how to convert amd64-portbld-freebsd10.3 file names to toolchain format
configure:5229: result: func_convert_file_noop
configure:5236: checking for /usr/bin/ld option to reload object files
configure:5243: result: -r
configure:5317: checking for objdump
configure:5333: found /usr/bin/objdump
configure:5344: result: objdump
configure:5376: checking how to recognize dependent libraries
configure:5576: result: pass_all
configure:5661: checking for dlltool
configure:5691: result: no
configure:5721: checking how to associate runtime and link libraries
configure:5748: result: printf %s\n
configure:5809: checking for ar
configure:5825: found /usr/bin/ar
configure:5836: result: ar
configure:5873: checking for archiver @FILE support
configure:5890: cc -c -O2 -pipe  -fstack-protector -fno-strict-aliasing  conftest.c >&5
configure:5890: $? = 0
configure:5893: ar cru libconftest.a @conftest.lst >&5
ar: warning: can't open file: @conftest.lst: No such file or directory
configure:5896: $? = 0
configure:5901: ar cru libconftest.a @conftest.lst >&5
ar: warning: can't open file: @conftest.lst: No such file or directory
configure:5904: $? = 0
configure:5916: result: no
configure:5974: checking for strip
configure:5990: found /usr/bin/strip
configure:6001: result: strip
configure:6073: checking for ranlib
configure:6089: found /usr/bin/ranlib
configure:6100: result: ranlib
configure:6202: checking command to parse /usr/bin/nm -B output from cc object
configure:6355: cc -c -O2 -pipe  -fstack-protector -fno-strict-aliasing  conftest.c >&5
configure:6358: $? = 0
configure:6362: /usr/bin/nm -B conftest.o \| sed -n -e 's/^.*[ ]\([ABCDGIRSTW][ABCDGIRSTW]*\)[ ][ ]*\([_A-Za-z][_A-Za-z0-9]*\)$/\1 \2 \2/p' | sed '/ __gnu_lto/d' \> conftest.nm
configure:6365: $? = 0
configure:6431: cc -o conftest -O2 -pipe  -fstack-protector -fno-strict-aliasing   -fstack-protector conftest.c conftstm.o >&5
configure:6434: $? = 0
configure:6472: result: ok
configure:6519: checking for sysroot
configure:6549: result: no
configure:6556: checking for a working dd
configure:6594: result: /bin/dd
configure:6598: checking how to truncate binary pipes
configure:6613: result: /bin/dd bs=4096 count=1
configure:6942: checking for mt
configure:6958: found /usr/bin/mt
configure:6969: result: mt
configure:6992: checking if mt is a manifest tool
configure:6998: mt '-?'
mt: illegal option -- ?
usage: mt [-f device] command [count]
configure:7006: result: no
configure:7679: checking for ANSI C header files
configure:7699: cc -c -O2 -pipe  -fstack-protector -fno-strict-aliasing  conftest.c >&5
configure:7699: $? = 0
configure:7772: cc -o conftest -O2 -pipe  -fstack-protector -fno-strict-aliasing   -fstack-protector conftest.c  >&5
configure:7772: $? = 0
configure:7772: ./conftest
configure:7772: $? = 0
configure:7783: result: yes
configure:7796: checking for sys/types.h
configure:7796: cc -c -O2 -pipe  -fstack-protector -fno-strict-aliasing  conftest.c >&5
configure:7796: $? = 0
configure:7796: result: yes
configure:7796: checking for sys/stat.h
configure:7796: cc -c -O2 -pipe  -fstack-protector -fno-strict-aliasing  conftest.c >&5
configure:7796: $? = 0
configure:7796: result: yes
configure:7796: checking for stdlib.h
configure:7796: cc -c -O2 -pipe  -fstack-protector -fno-strict-aliasing  conftest.c >&5
configure:7796: $? = 0
configure:7796: result: yes
configure:7796: checking for string.h
configure:7796: cc -c -O2 -pipe  -fstack-protector -fno-strict-aliasing  conftest.c >&5
configure:7796: $? = 0
configure:7796: result: yes
configure:7796: checking for memory.h
configure:7796: cc -c -O2 -pipe  -fstack-protector -fno-strict-aliasing  conftest.c >&5
configure:7796: $? = 0
configure:7796: result: yes
configure:7796: checking for strings.h
configure:7796: cc -c -O2 -pipe  -fstack-protector -fno-strict-aliasing  conftest.c >&5
configure:7796: $? = 0
configure:7796: result: yes
configure:7796: checking for inttypes.h
configure:7796: cc -c -O2 -pipe  -fstack-protector -fno-strict-aliasing  conftest.c >&5
configure:7796: $? = 0
configure:7796: result: yes
configure:7796: checking for stdint.h
configure:7796: cc -c -O2 -pipe  -fstack-protector -fno-strict-aliasing  conftest.c >&5
configure:7796: $? = 0
configure:7796: result: yes
configure:7796: checking for unistd.h
configure:7796: cc -c -O2 -pipe  -fstack-protector -fno-strict-aliasing  conftest.c >&5
configure:7796: $? = 0
configure:7796: result: yes
configure:7810: checking for dlfcn.h
configure:7810: cc -c -O2 -pipe  -fstack-protector -fno-strict-aliasing  conftest.c >&5
configure:7810: $? = 0
configure:7810: result: yes
configure:8066: checking for objdir
configure:8081: result: .libs
configure:8341: checking if cc supports -fno-rtti -fno-exceptions
configure:8359: cc -c -O2 -pipe  -fstack-protector -fno-strict-aliasing  -fno-rtti -fno-exceptions conftest.c >&5
configure:8363: $? = 0
configure:8376: result: yes
configure:8734: checking for cc option to produce PIC
configure:8741: result: -fPIC -DPIC
configure:8749: checking if cc PIC flag -fPIC -DPIC works
configure:8767: cc -c -O2 -pipe  -fstack-protector -fno-strict-aliasing  -fPIC -DPIC -DPIC conftest.c >&5
configure:8771: $? = 0
configure:8784: result: yes
configure:8813: checking if cc static flag -static works
configure:8841: result: yes
configure:8856: checking if cc supports -c -o file.o
configure:8877: cc -c -O2 -pipe  -fstack-protector -fno-strict-aliasing  -o out/conftest2.o conftest.c >&5
configure:8881: $? = 0
configure:8903: result: yes
configure:8911: checking if cc supports -c -o file.o
configure:8958: result: yes
configure:8991: checking whether the cc linker (/usr/bin/ld) supports shared libraries
configure:10250: result: yes
configure:10287: checking whether -lc should be explicitly linked in
configure:10295: cc -c -O2 -pipe  -fstack-protector -fno-strict-aliasing  conftest.c >&5
configure:10298: $? = 0
configure:10313: cc -shared  -fPIC -DPIC conftest.o  -v -Wl,-soname -Wl,conftest -o conftest 2\>\&1 \| /usr/bin/grep  -lc  \>/dev/null 2\>\&1
configure:10316: $? = 0
configure:10330: result: no
configure:10490: checking dynamic linker characteristics
configure:11308: result: freebsd10.3 ld.so
configure:11430: checking how to hardcode library paths into programs
configure:11455: result: immediate
configure:12003: checking whether stripping libraries is possible
configure:12008: result: yes
configure:12043: checking if libtool supports shared libraries
configure:12045: result: yes
configure:12048: checking whether to build shared libraries
configure:12073: result: yes
configure:12076: checking whether to build static libraries
configure:12080: result: yes
configure:12230: checking for C++ compiler version
configure:12239: c++ --version >&5
FreeBSD clang version 3.4.1 (tags/RELEASE_34/dot1-final 208032) 20140512
Target: x86_64-unknown-freebsd10.3
Thread model: posix
configure:12250: $? = 0
configure:12239: c++ -v >&5
FreeBSD clang version 3.4.1 (tags/RELEASE_34/dot1-final 208032) 20140512
Target: x86_64-unknown-freebsd10.3
Thread model: posix
Selected GCC installation: 
configure:12250: $? = 0
configure:12239: c++ -V >&5
c++: error: argument to '-V' is missing (expected 1 value)
c++: error: no input files
configure:12250: $? = 1
configure:12239: c++ -qversion >&5
c++: error: unknown argument: '-qversion'
c++: error: no input files
configure:12250: $? = 1
configure:12254: checking whether we are using the GNU C++ compiler
configure:12273: c++ -c -O2 -pipe -fstack-protector -fno-strict-aliasing   conftest.cpp >&5
configure:12273: $? = 0
configure:12282: result: yes
configure:12291: checking whether c++ accepts -g
configure:12311: c++ -c -g  conftest.cpp >&5
configure:12311: $? = 0
configure:12352: result: yes
configure:12377: checking dependency style of c++
configure:12488: result: gcc3
configure:12521: checking how to run the C++ preprocessor
configure:12548: c++ -E  conftest.cpp
configure:12548: $? = 0
configure:12562: c++ -E  conftest.cpp
conftest.cpp:23:10: fatal error: 'ac_nonexistent.h' file not found
#include <ac_nonexistent.h>
         ^
1 error generated.
configure:12562: $? = 1
configure: failed program was:
| /* confdefs.h */
| #define PACKAGE_NAME ""
| #define PACKAGE_TARNAME ""
| #define PACKAGE_VERSION ""
| #define PACKAGE_STRING ""
| #define PACKAGE_BUGREPORT ""
| #define PACKAGE_URL ""
| #define PACKAGE "fcgi"
| #define VERSION "2.4.0"
| #define STDC_HEADERS 1
| #define HAVE_SYS_TYPES_H 1
| #define HAVE_SYS_STAT_H 1
| #define HAVE_STDLIB_H 1
| #define HAVE_STRING_H 1
| #define HAVE_MEMORY_H 1
| #define HAVE_STRINGS_H 1
| #define HAVE_INTTYPES_H 1
| #define HAVE_STDINT_H 1
| #define HAVE_UNISTD_H 1
| #define HAVE_DLFCN_H 1
| #define LT_OBJDIR ".libs/"
| /* end confdefs.h.  */
| #include <ac_nonexistent.h>
configure:12587: result: c++ -E
configure:12607: c++ -E  conftest.cpp
configure:12607: $? = 0
configure:12621: c++ -E  conftest.cpp
conftest.cpp:23:10: fatal error: 'ac_nonexistent.h' file not found
#include <ac_nonexistent.h>
         ^
1 error generated.
configure:12621: $? = 1
configure: failed program was:
| /* confdefs.h */
| #define PACKAGE_NAME ""
| #define PACKAGE_TARNAME ""
| #define PACKAGE_VERSION ""
| #define PACKAGE_STRING ""
| #define PACKAGE_BUGREPORT ""
| #define PACKAGE_URL ""
| #define PACKAGE "fcgi"
| #define VERSION "2.4.0"
| #define STDC_HEADERS 1
| #define HAVE_SYS_TYPES_H 1
| #define HAVE_SYS_STAT_H 1
| #define HAVE_STDLIB_H 1
| #define HAVE_STRING_H 1
| #define HAVE_MEMORY_H 1
| #define HAVE_STRINGS_H 1
| #define HAVE_INTTYPES_H 1
| #define HAVE_STDINT_H 1
| #define HAVE_UNISTD_H 1
| #define HAVE_DLFCN_H 1
| #define LT_OBJDIR ".libs/"
| /* end confdefs.h.  */
| #include <ac_nonexistent.h>
configure:12783: checking for ld used by c++
configure:12850: result: /usr/bin/ld
configure:12857: checking if the linker (/usr/bin/ld) is GNU ld
configure:12872: result: yes
configure:12927: checking whether the c++ linker (/usr/bin/ld) supports shared libraries
configure:14000: result: yes
configure:14036: c++ -c -O2 -pipe -fstack-protector -fno-strict-aliasing   conftest.cpp >&5
configure:14039: $? = 0
configure:14520: checking for c++ option to produce PIC
configure:14527: result: -fPIC -DPIC
configure:14535: checking if c++ PIC flag -fPIC -DPIC works
configure:14553: c++ -c -O2 -pipe -fstack-protector -fno-strict-aliasing   -fPIC -DPIC -DPIC conftest.cpp >&5
configure:14557: $? = 0
configure:14570: result: yes
configure:14593: checking if c++ static flag -static works
configure:14621: result: yes
configure:14633: checking if c++ supports -c -o file.o
configure:14654: c++ -c -O2 -pipe -fstack-protector -fno-strict-aliasing   -o out/conftest2.o conftest.cpp >&5
configure:14658: $? = 0
configure:14680: result: yes
configure:14685: checking if c++ supports -c -o file.o
configure:14732: result: yes
configure:14762: checking whether the c++ linker (/usr/bin/ld) supports shared libraries
configure:14802: result: yes
configure:14943: checking dynamic linker characteristics
configure:15688: result: freebsd10.3 ld.so
configure:15753: checking how to hardcode library paths into programs
configure:15778: result: immediate
configure:15826: checking whether c++ works
configure:15839: c++ -c -O2 -pipe -fstack-protector -fno-strict-aliasing   conftest.cpp >&5
configure:15839: $? = 0
configure:15840: result: yes
configure:15844: checking whether cin has a streambuf assignment operator
configure:15857: c++ -c -O2 -pipe -fstack-protector -fno-strict-aliasing   conftest.cpp >&5
conftest.cpp:27:1: error: use of undeclared identifier 'cin'; did you mean 'std::cin'?
cin = static_cast<streambuf *>(0);
^~~
std::cin
/usr/include/c++/v1/iostream:49:33: note: 'std::cin' declared here
extern _LIBCPP_FUNC_VIS istream cin;
                                ^
conftest.cpp:27:19: error: unknown type name 'streambuf'; did you mean 'std::streambuf'?
cin = static_cast<streambuf *>(0);
                  ^~~~~~~~~
                  std::streambuf
/usr/include/c++/v1/iosfwd:145:38: note: 'std::streambuf' declared here
typedef basic_streambuf<char>        streambuf;
                                     ^
conftest.cpp:27:5: error: no viable overloaded '='
cin = static_cast<streambuf *>(0);
~~~ ^ ~~~~~~~~~~~~~~~~~~~~~~~~~~~
/usr/include/c++/v1/istream:1726:48: note: candidate function (the implicit copy assignment operator) not viable: no known conversion from 'std::streambuf *' (aka 'basic_streambuf<char> *') to 'const std::__1::basic_istream<char>' for 1st argument
_LIBCPP_EXTERN_TEMPLATE(class _LIBCPP_TYPE_VIS basic_istream<char>)
                                               ^
/usr/include/c++/v1/__config:625:54: note: expanded from macro '_LIBCPP_EXTERN_TEMPLATE'
#define _LIBCPP_EXTERN_TEMPLATE(...) extern template __VA_ARGS__;
                                                     ^
3 errors generated.
configure:15857: $? = 1
configure: failed program was:
| /* confdefs.h */
| #define PACKAGE_NAME ""
| #define PACKAGE_TARNAME ""
| #define PACKAGE_VERSION ""
| #define PACKAGE_STRING ""
| #define PACKAGE_BUGREPORT ""
| #define PACKAGE_URL ""
| #define PACKAGE "fcgi"
| #define VERSION "2.4.0"
| #define STDC_HEADERS 1
| #define HAVE_SYS_TYPES_H 1
| #define HAVE_SYS_STAT_H 1
| #define HAVE_STDLIB_H 1
| #define HAVE_STRING_H 1
| #define HAVE_MEMORY_H 1
| #define HAVE_STRINGS_H 1
| #define HAVE_INTTYPES_H 1
| #define HAVE_STDINT_H 1
| #define HAVE_UNISTD_H 1
| #define HAVE_DLFCN_H 1
| #define LT_OBJDIR ".libs/"
| /* end confdefs.h.  */
| #include <iostream>
| int
| main ()
| {
| cin = static_cast<streambuf *>(0);
|   ;
|   return 0;
| }
configure:15864: result: no
configure:15868: checking whether char_type is defined in the context of streambuf
configure:15881: c++ -c -O2 -pipe -fstack-protector -fno-strict-aliasing   conftest.cpp >&5
configure:15881: $? = 0
configure:15882: result: yes
configure:15907: checking for gethostbyname in -lnsl
configure:15932: cc -o conftest -O2 -pipe  -fstack-protector -fno-strict-aliasing   -fstack-protector conftest.c -lnsl   >&5
/usr/bin/ld: cannot find -lnsl
cc: error: linker command failed with exit code 1 (use -v to see invocation)
configure:15932: $? = 1
configure: failed program was:
| /* confdefs.h */
| #define PACKAGE_NAME ""
| #define PACKAGE_TARNAME ""
| #define PACKAGE_VERSION ""
| #define PACKAGE_STRING ""
| #define PACKAGE_BUGREPORT ""
| #define PACKAGE_URL ""
| #define PACKAGE "fcgi"
| #define VERSION "2.4.0"
| #define STDC_HEADERS 1
| #define HAVE_SYS_TYPES_H 1
| #define HAVE_SYS_STAT_H 1
| #define HAVE_STDLIB_H 1
| #define HAVE_STRING_H 1
| #define HAVE_MEMORY_H 1
| #define HAVE_STRINGS_H 1
| #define HAVE_INTTYPES_H 1
| #define HAVE_STDINT_H 1
| #define HAVE_UNISTD_H 1
| #define HAVE_DLFCN_H 1
| #define LT_OBJDIR ".libs/"
| #define HAVE_STREAMBUF_CHAR_TYPE 1
| /* end confdefs.h.  */
| 
| /* Override any GCC internal prototype to avoid an error.
|    Use char because int might match the return type of a GCC
|    builtin and then its argument prototype would still apply.  */
| #ifdef __cplusplus
| extern "C"
| #endif
| char gethostbyname ();
| int
| main ()
| {
| return gethostbyname ();
|   ;
|   return 0;
| }
configure:15941: result: no
configure:15952: checking for socket in -lsocket
configure:15977: cc -o conftest -O2 -pipe  -fstack-protector -fno-strict-aliasing   -fstack-protector conftest.c -lsocket   >&5
/usr/bin/ld: cannot find -lsocket
cc: error: linker command failed with exit code 1 (use -v to see invocation)
configure:15977: $? = 1
configure: failed program was:
| /* confdefs.h */
| #define PACKAGE_NAME ""
| #define PACKAGE_TARNAME ""
| #define PACKAGE_VERSION ""
| #define PACKAGE_STRING ""
| #define PACKAGE_BUGREPORT ""
| #define PACKAGE_URL ""
| #define PACKAGE "fcgi"
| #define VERSION "2.4.0"
| #define STDC_HEADERS 1
| #define HAVE_SYS_TYPES_H 1
| #define HAVE_SYS_STAT_H 1
| #define HAVE_STDLIB_H 1
| #define HAVE_STRING_H 1
| #define HAVE_MEMORY_H 1
| #define HAVE_STRINGS_H 1
| #define HAVE_INTTYPES_H 1
| #define HAVE_STDINT_H 1
| #define HAVE_UNISTD_H 1
| #define HAVE_DLFCN_H 1
| #define LT_OBJDIR ".libs/"
| #define HAVE_STREAMBUF_CHAR_TYPE 1
| /* end confdefs.h.  */
| 
| /* Override any GCC internal prototype to avoid an error.
|    Use char because int might match the return type of a GCC
|    builtin and then its argument prototype would still apply.  */
| #ifdef __cplusplus
| extern "C"
| #endif
| char socket ();
| int
| main ()
| {
| return socket ();
|   ;
|   return 0;
| }
configure:15986: result: no
configure:16004: checking pthread.h usability
configure:16004: cc -c -O2 -pipe  -fstack-protector -fno-strict-aliasing  conftest.c >&5
configure:16004: $? = 0
configure:16004: result: yes
configure:16004: checking pthread.h presence
configure:16004: cpp  conftest.c
configure:16004: $? = 0
configure:16004: result: yes
configure:16004: checking for pthread.h
configure:16004: result: yes
configure:16116: checking for the pthreads library -lpthreads
configure:16149: cc -o conftest -O2 -pipe  -fstack-protector -fno-strict-aliasing    -fstack-protector conftest.c -lpthreads  >&5
/usr/bin/ld: cannot find -lpthreads
cc: error: linker command failed with exit code 1 (use -v to see invocation)
configure:16149: $? = 1
configure: failed program was:
| /* confdefs.h */
| #define PACKAGE_NAME ""
| #define PACKAGE_TARNAME ""
| #define PACKAGE_VERSION ""
| #define PACKAGE_STRING ""
| #define PACKAGE_BUGREPORT ""
| #define PACKAGE_URL ""
| #define PACKAGE "fcgi"
| #define VERSION "2.4.0"
| #define STDC_HEADERS 1
| #define HAVE_SYS_TYPES_H 1
| #define HAVE_SYS_STAT_H 1
| #define HAVE_STDLIB_H 1
| #define HAVE_STRING_H 1
| #define HAVE_MEMORY_H 1
| #define HAVE_STRINGS_H 1
| #define HAVE_INTTYPES_H 1
| #define HAVE_STDINT_H 1
| #define HAVE_UNISTD_H 1
| #define HAVE_DLFCN_H 1
| #define LT_OBJDIR ".libs/"
| #define HAVE_STREAMBUF_CHAR_TYPE 1
| /* end confdefs.h.  */
| #include <pthread.h>
| int
| main ()
| {
| pthread_t th; pthread_join(th, 0);
|                      pthread_attr_init(0); pthread_cleanup_push(0, 0);
|                      pthread_create(0,0,0,0); pthread_cleanup_pop(0);
|   ;
|   return 0;
| }
configure:16158: result: no
configure:16105: checking whether pthreads work without any flags
configure:16149: cc -o conftest -O2 -pipe  -fstack-protector -fno-strict-aliasing    -fstack-protector conftest.c   >&5
/tmp/conftest-9fac8b.o: In function `main':
conftest.c:(.text+0x2c): undefined reference to `pthread_create'
cc: error: linker command failed with exit code 1 (use -v to see invocation)
configure:16149: $? = 1
configure: failed program was:
| /* confdefs.h */
| #define PACKAGE_NAME ""
| #define PACKAGE_TARNAME ""
| #define PACKAGE_VERSION ""
| #define PACKAGE_STRING ""
| #define PACKAGE_BUGREPORT ""
| #define PACKAGE_URL ""
| #define PACKAGE "fcgi"
| #define VERSION "2.4.0"
| #define STDC_HEADERS 1
| #define HAVE_SYS_TYPES_H 1
| #define HAVE_SYS_STAT_H 1
| #define HAVE_STDLIB_H 1
| #define HAVE_STRING_H 1
| #define HAVE_MEMORY_H 1
| #define HAVE_STRINGS_H 1
| #define HAVE_INTTYPES_H 1
| #define HAVE_STDINT_H 1
| #define HAVE_UNISTD_H 1
| #define HAVE_DLFCN_H 1
| #define LT_OBJDIR ".libs/"
| #define HAVE_STREAMBUF_CHAR_TYPE 1
| /* end confdefs.h.  */
| #include <pthread.h>
| int
| main ()
| {
| pthread_t th; pthread_join(th, 0);
|                      pthread_attr_init(0); pthread_cleanup_push(0, 0);
|                      pthread_create(0,0,0,0); pthread_cleanup_pop(0);
|   ;
|   return 0;
| }
configure:16158: result: no
configure:16110: checking whether pthreads work with -Kthread
configure:16149: cc -o conftest -O2 -pipe  -fstack-protector -fno-strict-aliasing -Kthread   -fstack-protector conftest.c   >&5
cc: error: unknown argument: '-Kthread'
configure:16149: $? = 1
configure: failed program was:
| /* confdefs.h */
| #define PACKAGE_NAME ""
| #define PACKAGE_TARNAME ""
| #define PACKAGE_VERSION ""
| #define PACKAGE_STRING ""
| #define PACKAGE_BUGREPORT ""
| #define PACKAGE_URL ""
| #define PACKAGE "fcgi"
| #define VERSION "2.4.0"
| #define STDC_HEADERS 1
| #define HAVE_SYS_TYPES_H 1
| #define HAVE_SYS_STAT_H 1
| #define HAVE_STDLIB_H 1
| #define HAVE_STRING_H 1
| #define HAVE_MEMORY_H 1
| #define HAVE_STRINGS_H 1
| #define HAVE_INTTYPES_H 1
| #define HAVE_STDINT_H 1
| #define HAVE_UNISTD_H 1
| #define HAVE_DLFCN_H 1
| #define LT_OBJDIR ".libs/"
| #define HAVE_STREAMBUF_CHAR_TYPE 1
| /* end confdefs.h.  */
| #include <pthread.h>
| int
| main ()
| {
| pthread_t th; pthread_join(th, 0);
|                      pthread_attr_init(0); pthread_cleanup_push(0, 0);
|                      pthread_create(0,0,0,0); pthread_cleanup_pop(0);
|   ;
|   return 0;
| }
configure:16158: result: no
configure:16110: checking whether pthreads work with -kthread
configure:16149: cc -o conftest -O2 -pipe  -fstack-protector -fno-strict-aliasing -kthread   -fstack-protector conftest.c   >&5
cc: error: unknown argument: '-kthread'
configure:16149: $? = 1
configure: failed program was:
| /* confdefs.h */
| #define PACKAGE_NAME ""
| #define PACKAGE_TARNAME ""
| #define PACKAGE_VERSION ""
| #define PACKAGE_STRING ""
| #define PACKAGE_BUGREPORT ""
| #define PACKAGE_URL ""
| #define PACKAGE "fcgi"
| #define VERSION "2.4.0"
| #define STDC_HEADERS 1
| #define HAVE_SYS_TYPES_H 1
| #define HAVE_SYS_STAT_H 1
| #define HAVE_STDLIB_H 1
| #define HAVE_STRING_H 1
| #define HAVE_MEMORY_H 1
| #define HAVE_STRINGS_H 1
| #define HAVE_INTTYPES_H 1
| #define HAVE_STDINT_H 1
| #define HAVE_UNISTD_H 1
| #define HAVE_DLFCN_H 1
| #define LT_OBJDIR ".libs/"
| #define HAVE_STREAMBUF_CHAR_TYPE 1
| /* end confdefs.h.  */
| #include <pthread.h>
| int
| main ()
| {
| pthread_t th; pthread_join(th, 0);
|                      pthread_attr_init(0); pthread_cleanup_push(0, 0);
|                      pthread_create(0,0,0,0); pthread_cleanup_pop(0);
|   ;
|   return 0;
| }
configure:16158: result: no
configure:16116: checking for the pthreads library -llthread
configure:16149: cc -o conftest -O2 -pipe  -fstack-protector -fno-strict-aliasing    -fstack-protector conftest.c -llthread  >&5
/usr/bin/ld: cannot find -llthread
cc: error: linker command failed with exit code 1 (use -v to see invocation)
configure:16149: $? = 1
configure: failed program was:
| /* confdefs.h */
| #define PACKAGE_NAME ""
| #define PACKAGE_TARNAME ""
| #define PACKAGE_VERSION ""
| #define PACKAGE_STRING ""
| #define PACKAGE_BUGREPORT ""
| #define PACKAGE_URL ""
| #define PACKAGE "fcgi"
| #define VERSION "2.4.0"
| #define STDC_HEADERS 1
| #define HAVE_SYS_TYPES_H 1
| #define HAVE_SYS_STAT_H 1
| #define HAVE_STDLIB_H 1
| #define HAVE_STRING_H 1
| #define HAVE_MEMORY_H 1
| #define HAVE_STRINGS_H 1
| #define HAVE_INTTYPES_H 1
| #define HAVE_STDINT_H 1
| #define HAVE_UNISTD_H 1
| #define HAVE_DLFCN_H 1
| #define LT_OBJDIR ".libs/"
| #define HAVE_STREAMBUF_CHAR_TYPE 1
| /* end confdefs.h.  */
| #include <pthread.h>
| int
| main ()
| {
| pthread_t th; pthread_join(th, 0);
|                      pthread_attr_init(0); pthread_cleanup_push(0, 0);
|                      pthread_create(0,0,0,0); pthread_cleanup_pop(0);
|   ;
|   return 0;
| }
configure:16158: result: no
configure:16110: checking whether pthreads work with -pthread
configure:16149: cc -o conftest -O2 -pipe  -fstack-protector -fno-strict-aliasing -pthread   -fstack-protector conftest.c   >&5
configure:16149: $? = 0
configure:16158: result: yes
configure:16178: checking for joinable pthread attribute
configure:16191: cc -o conftest -O2 -pipe  -fstack-protector -fno-strict-aliasing -pthread   -fstack-protector conftest.c   >&5
configure:16191: $? = 0
configure:16223: result: PTHREAD_CREATE_JOINABLE
configure:16230: checking if more special flags are required for pthreads
configure:16237: result: -D_THREAD_SAFE
configure:16249: checking for cc_r
configure:16277: result: cc
configure:16306: checking for ssize_t
configure:16306: cc -c -O2 -pipe  -fstack-protector -fno-strict-aliasing  conftest.c >&5
configure:16306: $? = 0
configure:16306: cc -c -O2 -pipe  -fstack-protector -fno-strict-aliasing  conftest.c >&5
conftest.c:60:22: error: expected expression
if (sizeof ((ssize_t)))
                     ^
1 error generated.
configure:16306: $? = 1
configure: failed program was:
| /* confdefs.h */
| #define PACKAGE_NAME ""
| #define PACKAGE_TARNAME ""
| #define PACKAGE_VERSION ""
| #define PACKAGE_STRING ""
| #define PACKAGE_BUGREPORT ""
| #define PACKAGE_URL ""
| #define PACKAGE "fcgi"
| #define VERSION "2.4.0"
| #define STDC_HEADERS 1
| #define HAVE_SYS_TYPES_H 1
| #define HAVE_SYS_STAT_H 1
| #define HAVE_STDLIB_H 1
| #define HAVE_STRING_H 1
| #define HAVE_MEMORY_H 1
| #define HAVE_STRINGS_H 1
| #define HAVE_INTTYPES_H 1
| #define HAVE_STDINT_H 1
| #define HAVE_UNISTD_H 1
| #define HAVE_DLFCN_H 1
| #define LT_OBJDIR ".libs/"
| #define HAVE_STREAMBUF_CHAR_TYPE 1
| /* end confdefs.h.  */
| #include <stdio.h>
| #ifdef HAVE_SYS_TYPES_H
| # include <sys/types.h>
| #endif
| #ifdef HAVE_SYS_STAT_H
| # include <sys/stat.h>
| #endif
| #ifdef STDC_HEADERS
| # include <stdlib.h>
| # include <stddef.h>
| #else
| # ifdef HAVE_STDLIB_H
| #  include <stdlib.h>
| # endif
| #endif
| #ifdef HAVE_STRING_H
| # if !defined STDC_HEADERS && defined HAVE_MEMORY_H
| #  include <memory.h>
| # endif
| # include <string.h>
| #endif
| #ifdef HAVE_STRINGS_H
| # include <strings.h>
| #endif
| #ifdef HAVE_INTTYPES_H
| # include <inttypes.h>
| #endif
| #ifdef HAVE_STDINT_H
| # include <stdint.h>
| #endif
| #ifdef HAVE_UNISTD_H
| # include <unistd.h>
| #endif
| int
| main ()
| {
| if (sizeof ((ssize_t)))
| 	    return 0;
|   ;
|   return 0;
| }
configure:16306: result: yes
configure:16318: checking for sun_len in sys/un.h
configure:16327: result: yes
configure:16339: checking for fpos_t in stdio.h
configure:16348: result: yes
configure:16363: checking sys/socket.h usability
configure:16363: cc -c -O2 -pipe  -fstack-protector -fno-strict-aliasing  conftest.c >&5
configure:16363: $? = 0
configure:16363: result: yes
configure:16363: checking sys/socket.h presence
configure:16363: cpp  conftest.c
configure:16363: $? = 0
configure:16363: result: yes
configure:16363: checking for sys/socket.h
configure:16363: result: yes
configure:16363: checking netdb.h usability
configure:16363: cc -c -O2 -pipe  -fstack-protector -fno-strict-aliasing  conftest.c >&5
configure:16363: $? = 0
configure:16363: result: yes
configure:16363: checking netdb.h presence
configure:16363: cpp  conftest.c
configure:16363: $? = 0
configure:16363: result: yes
configure:16363: checking for netdb.h
configure:16363: result: yes
configure:16363: checking netinet/in.h usability
configure:16363: cc -c -O2 -pipe  -fstack-protector -fno-strict-aliasing  conftest.c >&5
configure:16363: $? = 0
configure:16363: result: yes
configure:16363: checking netinet/in.h presence
configure:16363: cpp  conftest.c
configure:16363: $? = 0
configure:16363: result: yes
configure:16363: checking for netinet/in.h
configure:16363: result: yes
configure:16363: checking arpa/inet.h usability
configure:16363: cc -c -O2 -pipe  -fstack-protector -fno-strict-aliasing  conftest.c >&5
configure:16363: $? = 0
configure:16363: result: yes
configure:16363: checking arpa/inet.h presence
configure:16363: cpp  conftest.c
configure:16363: $? = 0
configure:16363: result: yes
configure:16363: checking for arpa/inet.h
configure:16363: result: yes
configure:16376: checking sys/time.h usability
configure:16376: cc -c -O2 -pipe  -fstack-protector -fno-strict-aliasing  conftest.c >&5
configure:16376: $? = 0
configure:16376: result: yes
configure:16376: checking sys/time.h presence
configure:16376: cpp  conftest.c
configure:16376: $? = 0
configure:16376: result: yes
configure:16376: checking for sys/time.h
configure:16376: result: yes
configure:16376: checking limits.h usability
configure:16376: cc -c -O2 -pipe  -fstack-protector -fno-strict-aliasing  conftest.c >&5
configure:16376: $? = 0
configure:16376: result: yes
configure:16376: checking limits.h presence
configure:16376: cpp  conftest.c
configure:16376: $? = 0
configure:16376: result: yes
configure:16376: checking for limits.h
configure:16376: result: yes
configure:16376: checking sys/param.h usability
configure:16376: cc -c -O2 -pipe  -fstack-protector -fno-strict-aliasing  conftest.c >&5
configure:16376: $? = 0
configure:16376: result: yes
configure:16376: checking sys/param.h presence
configure:16376: cpp  conftest.c
configure:16376: $? = 0
configure:16376: result: yes
configure:16376: checking for sys/param.h
configure:16376: result: yes
configure:16376: checking for unistd.h
configure:16376: result: yes
configure:16387: checking for a fileno() prototype in stdio.h
configure:16396: result: yes
configure:16434: checking whether cross-process locking is required by accept()
configure:16445: result: no
configure:16454: checking whether va_arg(arg, long double) crashes the compiler
configure:16467: cc -c -O2 -pipe  -fstack-protector -fno-strict-aliasing  conftest.c >&5
configure:16467: $? = 0
configure:16468: result: no
configure:16479: checking for an ANSI C-conforming const
configure:16545: cc -c -O2 -pipe  -fstack-protector -fno-strict-aliasing  conftest.c >&5
configure:16545: $? = 0
configure:16552: result: yes
configure:16562: checking for strerror
configure:16562: cc -o conftest -O2 -pipe  -fstack-protector -fno-strict-aliasing   -fstack-protector conftest.c  >&5
conftest.c:58:6: warning: incompatible redeclaration of library function 'strerror' [-Wincompatible-library-redeclaration]
char strerror ();
     ^
conftest.c:58:6: note: 'strerror' is a builtin with type 'char *(int)'
1 warning generated.
configure:16562: $? = 0
configure:16562: result: yes
configure:16577: checking for inline
configure:16593: cc -c -O2 -pipe  -fstack-protector -fno-strict-aliasing  conftest.c >&5
configure:16593: $? = 0
configure:16601: result: inline
configure:16636: checking for C compiler warning flags
configure:16708: result: -Wall
configure:16823: checking that generated files are newer than configure
configure:16829: result: done
configure:16856: creating ./config.status

## ---------------- ##
## Cache variables. ##
## ---------------- ##

ac_cv_build=amd64-portbld-freebsd10.3
ac_cv_c_compiler_gnu=yes
ac_cv_c_const=yes
ac_cv_c_inline=inline
ac_cv_cxx_compiler_gnu=yes
ac_cv_env_CCC_set=''
ac_cv_env_CCC_value=''
ac_cv_env_CC_set=set
ac_cv_env_CC_value=cc
ac_cv_env_CFLAGS_set=set
ac_cv_env_CFLAGS_value='-O2 -pipe  -fstack-protector -fno-strict-aliasing'
ac_cv_env_CPPFLAGS_set=set
ac_cv_env_CPPFLAGS_value=''
ac_cv_env_CPP_set=set
ac_cv_env_CPP_value=cpp
ac_cv_env_CXXCPP_set=''
ac_cv_env_CXXCPP_value=''
ac_cv_env_CXXFLAGS_set=set
ac_cv_env_CXXFLAGS_value='-O2 -pipe -fstack-protector -fno-strict-aliasing '
ac_cv_env_CXX_set=set
ac_cv_env_CXX_value=c++
ac_cv_env_LDFLAGS_set=set
ac_cv_env_LDFLAGS_value=' -fstack-protector'
ac_cv_env_LIBS_set=''
ac_cv_env_LIBS_value=''
ac_cv_env_LT_SYS_LIBRARY_PATH_set=''
ac_cv_env_LT_SYS_LIBRARY_PATH_value=''
ac_cv_env_build_alias_set=set
ac_cv_env_build_alias_value=amd64-portbld-freebsd10.3
ac_cv_env_host_alias_set=''
ac_cv_env_host_alias_value=''
ac_cv_env_target_alias_set=''
ac_cv_env_target_alias_value=''
ac_cv_func_strerror=yes
ac_cv_header_arpa_inet_h=yes
ac_cv_header_dlfcn_h=yes
ac_cv_header_inttypes_h=yes
ac_cv_header_limits_h=yes
ac_cv_header_memory_h=yes
ac_cv_header_netdb_h=yes
ac_cv_header_netinet_in_h=yes
ac_cv_header_pthread_h=yes
ac_cv_header_stdc=yes
ac_cv_header_stdint_h=yes
ac_cv_header_stdlib_h=yes
ac_cv_header_string_h=yes
ac_cv_header_strings_h=yes
ac_cv_header_sys_param_h=yes
ac_cv_header_sys_socket_h=yes
ac_cv_header_sys_stat_h=yes
ac_cv_header_sys_time_h=yes
ac_cv_header_sys_types_h=yes
ac_cv_header_unistd_h=yes
ac_cv_host=amd64-portbld-freebsd10.3
ac_cv_lib_nsl_gethostbyname=no
ac_cv_lib_socket_socket=no
ac_cv_objext=o
ac_cv_path_EGREP='/usr/bin/grep -E'
ac_cv_path_FGREP='/usr/bin/grep -F'
ac_cv_path_GREP=/usr/bin/grep
ac_cv_path_SED=/usr/local/bin/gsed
ac_cv_path_install='/usr/bin/install -c'
ac_cv_path_lt_DD=/bin/dd
ac_cv_prog_AWK=nawk
ac_cv_prog_CPP=cpp
ac_cv_prog_CXXCPP='c++ -E'
ac_cv_prog_PTHREAD_CC=cc
ac_cv_prog_ac_ct_AR=ar
ac_cv_prog_ac_ct_CC=cc
ac_cv_prog_ac_ct_MANIFEST_TOOL=mt
ac_cv_prog_ac_ct_OBJDUMP=objdump
ac_cv_prog_ac_ct_RANLIB=ranlib
ac_cv_prog_ac_ct_STRIP=strip
ac_cv_prog_cc_c89=''
ac_cv_prog_cc_g=yes
ac_cv_prog_cc_warnings=-Wall
ac_cv_prog_cxx_g=yes
ac_cv_prog_make_make_set=yes
ac_cv_type_ssize_t=yes
am_cv_CC_dependencies_compiler_type=gcc3
am_cv_CXX_dependencies_compiler_type=gcc3
am_cv_make_support_nested_variables=yes
am_cv_prog_cc_c_o=yes
lt_cv_ar_at_file=no
lt_cv_archive_cmds_need_lc=no
lt_cv_deplibs_check_method=pass_all
lt_cv_file_magic_cmd='$MAGIC_CMD'
lt_cv_file_magic_test_file=''
lt_cv_ld_reload_flag=-r
lt_cv_nm_interface='BSD nm'
lt_cv_objdir=.libs
lt_cv_path_LD=/usr/bin/ld
lt_cv_path_LDCXX=/usr/bin/ld
lt_cv_path_NM='/usr/bin/nm -B'
lt_cv_path_mainfest_tool=no
lt_cv_prog_compiler_c_o=yes
lt_cv_prog_compiler_c_o_CXX=yes
lt_cv_prog_compiler_pic='-fPIC -DPIC'
lt_cv_prog_compiler_pic_CXX='-fPIC -DPIC'
lt_cv_prog_compiler_pic_works=yes
lt_cv_prog_compiler_pic_works_CXX=yes
lt_cv_prog_compiler_rtti_exceptions=yes
lt_cv_prog_compiler_static_works=yes
lt_cv_prog_compiler_static_works_CXX=yes
lt_cv_prog_gnu_ld=yes
lt_cv_prog_gnu_ldcxx=yes
lt_cv_sharedlib_from_linklib_cmd='printf %s\n'
lt_cv_sys_global_symbol_pipe='sed -n -e '\''s/^.*[	 ]\([ABCDGIRSTW][ABCDGIRSTW]*\)[	 ][	 ]*\([_A-Za-z][_A-Za-z0-9]*\)$/\1 \2 \2/p'\'' | sed '\''/ __gnu_lto/d'\'
lt_cv_sys_global_symbol_to_c_name_address='sed -n -e '\''s/^: \(.*\) .*$/  {"\1", (void *) 0},/p'\'' -e '\''s/^[ABCDGIRSTW][ABCDGIRSTW]* .* \(.*\)$/  {"\1", (void *) \&\1},/p'\'
lt_cv_sys_global_symbol_to_c_name_address_lib_prefix='sed -n -e '\''s/^: \(.*\) .*$/  {"\1", (void *) 0},/p'\'' -e '\''s/^[ABCDGIRSTW][ABCDGIRSTW]* .* \(lib.*\)$/  {"\1", (void *) \&\1},/p'\'' -e '\''s/^[ABCDGIRSTW][ABCDGIRSTW]* .* \(.*\)$/  {"lib\1", (void *) \&\1},/p'\'
lt_cv_sys_global_symbol_to_cdecl='sed -n -e '\''s/^T .* \(.*\)$/extern int \1();/p'\'' -e '\''s/^[ABCDGIRSTW][ABCDGIRSTW]* .* \(.*\)$/extern char \1;/p'\'
lt_cv_sys_global_symbol_to_import=''
lt_cv_sys_max_cmd_len=196608
lt_cv_to_host_file_cmd=func_convert_file_noop
lt_cv_to_tool_file_cmd=func_convert_file_noop
lt_cv_truncate_bin='/bin/dd bs=4096 count=1'

## ----------------- ##
## Output variables. ##
## ----------------- ##

ACLOCAL='aclocal-1.15'
AMDEPBACKSLASH='\'
AMDEP_FALSE='#'
AMDEP_TRUE=''
AMTAR='$${TAR-tar}'
AM_BACKSLASH='\'
AM_DEFAULT_V='$(AM_DEFAULT_VERBOSITY)'
AM_DEFAULT_VERBOSITY='1'
AM_V='$(V)'
AR='ar'
AUTOCONF='autoconf'
AUTOHEADER='autoheader'
AUTOMAKE='automake-1.15'
AWK='nawk'
CC='cc'
CCDEPMODE='depmode=gcc3'
CFLAGS='-O2 -pipe  -fstack-protector -fno-strict-aliasing -Wall'
CPP='cpp'
CPPFLAGS=''
CXX='c++'
CXXCPP='c++ -E'
CXXDEPMODE='depmode=gcc3'
CXXFLAGS='-O2 -pipe -fstack-protector -fno-strict-aliasing '
CYGPATH_W='echo'
DEFS='-DHAVE_CONFIG_H'
DEPDIR='.deps'
DLLTOOL='false'
DSYMUTIL=''
DUMPBIN=''
ECHO_C=''
ECHO_CPP='echo-cpp'
ECHO_N='-n'
ECHO_T=''
EGREP='/usr/bin/grep -E'
EXEEXT=''
FGREP='/usr/bin/grep -F'
GREP='/usr/bin/grep'
INSTALL_DATA='${INSTALL} -m 644'
INSTALL_PROGRAM='${INSTALL}'
INSTALL_SCRIPT='${INSTALL}'
INSTALL_STRIP_PROGRAM='$(install_sh) -c -s'
LD='/usr/bin/ld'
LDFLAGS=' -fstack-protector'
LIBFCGIXX='libfcgi++.la'
LIBOBJS=''
LIBS=''
LIBTOOL='$(SHELL) $(top_builddir)/libtool'
LIPO=''
LN_S='ln -s'
LTLIBOBJS=''
LT_SYS_LIBRARY_PATH=''
MAKEINFO='makeinfo'
MANIFEST_TOOL=':'
MKDIR_P='./install-sh -c -d'
NM='/usr/bin/nm -B'
NMEDIT=''
OBJDUMP='objdump'
OBJEXT='o'
OTOOL64=''
OTOOL=''
PACKAGE='fcgi'
PACKAGE_BUGREPORT=''
PACKAGE_NAME=''
PACKAGE_STRING=''
PACKAGE_TARNAME=''
PACKAGE_URL=''
PACKAGE_VERSION=''
PATH_SEPARATOR=':'
PTHREAD_CC='cc'
PTHREAD_CFLAGS='-D_THREAD_SAFE -pthread'
PTHREAD_LIBS=''
RANLIB='ranlib'
SED='/usr/local/bin/gsed'
SET_MAKE=''
SHELL='/bin/sh'
STRIP='strip'
SYSTEM='unix'
THREADED='threaded'
VERSION='2.4.0'
ac_ct_AR='ar'
ac_ct_CC='cc'
ac_ct_CXX=''
ac_ct_DUMPBIN=''
am__EXEEXT_FALSE=''
am__EXEEXT_TRUE='#'
am__fastdepCC_FALSE='#'
am__fastdepCC_TRUE=''
am__fastdepCXX_FALSE='#'
am__fastdepCXX_TRUE=''
am__include='include'
am__isrc=''
am__leading_dot='.'
am__nodep='_no'
am__quote=''
am__tar='$${TAR-tar} chof - "$$tardir"'
am__untar='$${TAR-tar} xf -'
bindir='${exec_prefix}/bin'
build='amd64-portbld-freebsd10.3'
build_alias='amd64-portbld-freebsd10.3'
build_cpu='amd64'
build_os='freebsd10.3'
build_vendor='portbld'
datadir='${datarootdir}'
datarootdir='${prefix}/share'
docdir='${datarootdir}/doc/${PACKAGE}'
dvidir='${docdir}'
exec_prefix='${prefix}'
host='amd64-portbld-freebsd10.3'
host_alias=''
host_cpu='amd64'
host_os='freebsd10.3'
host_vendor='portbld'
htmldir='${docdir}'
includedir='${prefix}/include'
infodir='/usr/local/info'
install_sh='${SHELL} /home/phil/vendor/fastcgi-development-kit/install-sh'
libdir='${exec_prefix}/lib'
libexecdir='${exec_prefix}/libexec'
localedir='${datarootdir}/locale'
localstatedir='/var'
mandir='/usr/local/man'
mkdir_p='$(MKDIR_P)'
oldincludedir='/usr/include'
pdfdir='${docdir}'
prefix='/usr/local'
program_transform_name='s,x,x,'
psdir='${docdir}'
sbindir='${exec_prefix}/sbin'
sharedstatedir='${prefix}/com'
sysconfdir='${prefix}/etc'
target_alias=''

## ----------- ##
## confdefs.h. ##
## ----------- ##

/* confdefs.h */
#define PACKAGE_NAME ""
#define PACKAGE_TARNAME ""
#define PACKAGE_VERSION ""
#define PACKAGE_STRING ""
#define PACKAGE_BUGREPORT ""
#define PACKAGE_URL ""
#define PACKAGE "fcgi"
#define VERSION "2.4.0"
#define STDC_HEADERS 1
#define HAVE_SYS_TYPES_H 1
#define HAVE_SYS_STAT_H 1
#define HAVE_STDLIB_H 1
#define HAVE_STRING_H 1
#define HAVE_MEMORY_H 1
#define HAVE_STRINGS_H 1
#define HAVE_INTTYPES_H 1
#define HAVE_STDINT_H 1
#define HAVE_UNISTD_H 1
#define HAVE_DLFCN_H 1
#define LT_OBJDIR ".libs/"
#define HAVE_STREAMBUF_CHAR_TYPE 1
#define HAVE_SOCKADDR_UN_SUN_LEN 1
#define HAVE_FPOS 1
#define HAVE_SYS_SOCKET_H 1
#define HAVE_NETDB_H 1
#define HAVE_NETINET_IN_H 1
#define HAVE_ARPA_INET_H 1
#define HAVE_SYS_TIME_H 1
#define HAVE_LIMITS_H 1
#define HAVE_SYS_PARAM_H 1
#define HAVE_UNISTD_H 1
#define HAVE_FILENO_PROTO 1
#define HAVE_STRERROR 1

configure: exit 0

## ---------------------- ##
## Running config.status. ##
## ---------------------- ##

This file was extended by config.status, which was
generated by GNU Autoconf 2.69.  Invocation command line was

  CONFIG_FILES    = Makefile
  CONFIG_HEADERS  = 
  CONFIG_LINKS    = 
  CONFIG_COMMANDS = 
  $ ./config.status 

on generic-bsd

config.status:1167: creating Makefile
config.status:1396: executing depfiles commands
config.status:1396: executing libtool commands

## ---------------------- ##
## Running config.status. ##
## ---------------------- ##

This file was extended by config.status, which was
generated by GNU Autoconf 2.69.  Invocation command line was

  CONFIG_FILES    = libfcgi/Makefile
  CONFIG_HEADERS  = 
  CONFIG_LINKS    = 
  CONFIG_COMMANDS = 
  $ ./config.status 

on generic-bsd

config.status:1167: creating libfcgi/Makefile
config.status:1275: WARNING:  'libfcgi/Makefile.in' seems to ignore the --datarootdir setting
config.status:1396: executing depfiles commands
config.status:1396: executing libtool commands

## ---------------------- ##
## Running config.status. ##
## ---------------------- ##

This file was extended by config.status, which was
generated by GNU Autoconf 2.69.  Invocation command line was

  CONFIG_FILES    = cgi-fcgi/Makefile
  CONFIG_HEADERS  = 
  CONFIG_LINKS    = 
  CONFIG_COMMANDS = 
  $ ./config.status 

on generic-bsd

config.status:1167: creating cgi-fcgi/Makefile
config.status:1396: executing depfiles commands
config.status:1396: executing libtool commands

## ---------------------- ##
## Running config.status. ##
## ---------------------- ##

This file was extended by config.status, which was
generated by GNU Autoconf 2.69.  Invocation command line was

  CONFIG_FILES    = examples/Makefile
  CONFIG_HEADERS  = 
  CONFIG_LINKS    = 
  CONFIG_COMMANDS = 
  $ ./config.status 

on generic-bsd

config.status:1167: creating examples/Makefile
config.status:1275: WARNING:  'examples/Makefile.in' seems to ignore the --datarootdir setting
config.status:1396: executing depfiles commands
config.status:1396: executing libtool commands

## ---------------------- ##
## Running config.status. ##
## ---------------------- ##

This file was extended by config.status, which was
generated by GNU Autoconf 2.69.  Invocation command line was

  CONFIG_FILES    = include/Makefile
  CONFIG_HEADERS  = 
  CONFIG_LINKS    = 
  CONFIG_COMMANDS = 
  $ ./config.status 

on generic-bsd

config.status:1167: creating include/Makefile
config.status:1275: WARNING:  'include/Makefile.in' seems to ignore the --datarootdir setting
config.status:1396: executing depfiles commands
config.status:1396: executing libtool commands
